0 info it worked if it ends with ok
1 verbose cli [ '/usr/bin/nodejs', '/usr/bin/npm', 'run', 'watch-server' ]
2 info using npm@4.0.5
3 info using node@v7.4.0
4 verbose run-script [ 'prewatch-server', 'watch-server', 'postwatch-server' ]
5 info lifecycle krakjam@1.0.0~prewatch-server: krakjam@1.0.0
6 silly lifecycle krakjam@1.0.0~prewatch-server: no script for prewatch-server, continuing
7 info lifecycle krakjam@1.0.0~watch-server: krakjam@1.0.0
8 verbose lifecycle krakjam@1.0.0~watch-server: unsafe-perm in lifecycle true
9 verbose lifecycle krakjam@1.0.0~watch-server: PATH: /usr/lib/node_modules/npm/bin/node-gyp-bin:/home/rafau/Source/krak-jam-game/node_modules/.bin:/home/rafau/bin:/home/rafau/.local/bin:/usr/local/sbin:/usr/local/bin:/usr/sbin:/usr/bin:/sbin:/bin:/usr/games:/usr/local/games
10 verbose lifecycle krakjam@1.0.0~watch-server: CWD: /home/rafau/Source/krak-jam-game
11 silly lifecycle krakjam@1.0.0~watch-server: Args: [ '-c', 'gulp' ]
12 silly lifecycle krakjam@1.0.0~watch-server: Returned: code: 1  signal: null
13 info lifecycle krakjam@1.0.0~watch-server: Failed to exec watch-server script
14 verbose stack Error: krakjam@1.0.0 watch-server: `gulp`
14 verbose stack Exit status 1
14 verbose stack     at EventEmitter.<anonymous> (/usr/lib/node_modules/npm/lib/utils/lifecycle.js:279:16)
14 verbose stack     at emitTwo (events.js:106:13)
14 verbose stack     at EventEmitter.emit (events.js:191:7)
14 verbose stack     at ChildProcess.<anonymous> (/usr/lib/node_modules/npm/lib/utils/spawn.js:40:14)
14 verbose stack     at emitTwo (events.js:106:13)
14 verbose stack     at ChildProcess.emit (events.js:191:7)
14 verbose stack     at maybeClose (internal/child_process.js:885:16)
14 verbose stack     at Process.ChildProcess._handle.onexit (internal/child_process.js:226:5)
15 verbose pkgid krakjam@1.0.0
16 verbose cwd /home/rafau/Source/krak-jam-game
17 error Linux 4.4.0-59-generic
18 error argv "/usr/bin/nodejs" "/usr/bin/npm" "run" "watch-server"
19 error node v7.4.0
20 error npm  v4.0.5
21 error code ELIFECYCLE
22 error krakjam@1.0.0 watch-server: `gulp`
22 error Exit status 1
23 error Failed at the krakjam@1.0.0 watch-server script 'gulp'.
23 error Make sure you have the latest version of node.js and npm installed.
23 error If you do, this is most likely a problem with the krakjam package,
23 error not with npm itself.
23 error Tell the author that this fails on your system:
23 error     gulp
23 error You can get information on how to open an issue for this project with:
23 error     npm bugs krakjam
23 error Or if that isn't available, you can get their info via:
23 error     npm owner ls krakjam
23 error There is likely additional logging output above.
24 verbose exit [ 1, true ]
